Running 'gradlew :app:assembleRelease' in /home/expo/workingdir/build/android
Downloading https://services.gradle.org/distributions/gradle-8.14.3-bin.zip
10%.
20%.
30%.
40%.
50%.
60%.
70%.
80%.
90%.
100%
Welcome to Gradle 8.14.3!
Here are the highlights of this release:
 - Java 24 support
 - GraalVM Native Image toolchain selection
 - Enhancements to test reporting
 - Build Authoring improvements
For more details see https://docs.gradle.org/8.14.3/release-notes.html
To honour the JVM settings for this build a single-use Daemon process will be forked. For more on this, please refer to https://docs.gradle.org/8.14.3/userguide/gradle_daemon.html#sec:disabling_the_daemon in the Gradle documentation.
Daemon will be stopped at the end of the build
> Configure project :expo-gradle-plugin:expo-autolinking-plugin
w: file:///home/expo/workingdir/build/node_modules/expo-modules-autolinking/android/expo-gradle-plugin/expo-autolinking-plugin/build.gradle.kts:25:3: 'kotlinOptions(KotlinJvmOptionsDeprecated /* = KotlinJvmOptions */.() -> Unit): Unit' is deprecated. Please migrate to the compilerOptions DSL. More details are here: https://kotl.in/u1r8ln
> Configure project :expo-gradle-plugin:expo-autolinking-settings-plugin
w: file:///home/expo/workingdir/build/node_modules/expo-modules-autolinking/android/expo-gradle-plugin/expo-autolinking-settings-plugin/build.gradle.kts:30:3: 'kotlinOptions(KotlinJvmOptionsDeprecated /* = KotlinJvmOptions */.() -> Unit): Unit' is deprecated. Please migrate to the compilerOptions DSL. More details are here: https://kotl.in/u1r8ln
> Task :gradle-plugin:settings-plugin:checkKotlinGradlePluginConfigurationErrors SKIPPED
> Task :expo-gradle-plugin:expo-autolinking-plugin-shared:checkKotlinGradlePluginConfigurationErrors SKIPPED
> Task :expo-gradle-plugin:expo-autolinking-settings-plugin:checkKotlinGradlePluginConfigurationErrors SKIPPED
> Task :gradle-plugin:shared:checkKotlinGradlePluginConfigurationErrors SKIPPED
> Task :expo-gradle-plugin:expo-autolinking-settings-plugin:pluginDescriptors
> Task :gradle-plugin:settings-plugin:pluginDescriptors
> Task :expo-gradle-plugin:expo-autolinking-settings-plugin:processResources
> Task :gradle-plugin:settings-plugin:processResources
> Task :expo-gradle-plugin:expo-autolinking-plugin-shared:processResources NO-SOURCE
> Task :gradle-plugin:shared:processResources NO-SOURCE
> Task :gradle-plugin:shared:compileKotlin
> Task :gradle-plugin:shared:compileJava NO-SOURCE
> Task :gradle-plugin:shared:classes UP-TO-DATE
> Task :gradle-plugin:shared:jar
> Task :expo-gradle-plugin:expo-autolinking-plugin-shared:compileKotlin
> Task :expo-gradle-plugin:expo-autolinking-plugin-shared:compileJava NO-SOURCE
> Task :expo-gradle-plugin:expo-autolinking-plugin-shared:classes UP-TO-DATE
> Task :expo-gradle-plugin:expo-autolinking-plugin-shared:jar
> Task :gradle-plugin:settings-plugin:compileKotlin
> Task :gradle-plugin:settings-plugin:compileJava
NO-SOURCE
> Task :gradle-plugin:settings-plugin:classes
> Task :gradle-plugin:settings-plugin:jar
> Task :expo-gradle-plugin:expo-autolinking-settings-plugin:compileKotlin
> Task :expo-gradle-plugin:expo-autolinking-settings-plugin:compileJava NO-SOURCE
> Task :expo-gradle-plugin:expo-autolinking-settings-plugin:classes
> Task :expo-gradle-plugin:expo-autolinking-settings-plugin:jar
> Configure project :expo-dev-launcher-gradle-plugin
w: file:///home/expo/workingdir/build/node_modules/expo-dev-launcher/expo-dev-launcher-gradle-plugin/build.gradle.kts:25:3: 'kotlinOptions(KotlinJvmOptionsDeprecated /* = KotlinJvmOptions */.() -> Unit): Unit' is deprecated. Please migrate to the compilerOptions DSL. More details are here: https://kotl.in/u1r8ln
> Configure project :expo-module-gradle-plugin
w: file:///home/expo/workingdir/build/node_modules/expo-modules-core/expo-module-gradle-plugin/build.gradle.kts:58:3: 'kotlinOptions(KotlinJvmOptionsDeprecated /* = KotlinJvmOptions */.() -> Unit): Unit' is deprecated. Please migrate to the compilerOptions DSL. More details are here: https://kotl.in/u1r8ln
> Task :expo-gradle-plugin:expo-autolinking-plugin:checkKotlinGradlePluginConfigurationErrors SKIPPED
> Task :gradle-plugin:react-native-gradle-plugin:checkKotlinGradlePluginConfigurationErrors SKIPPED
> Task :expo-dev-launcher-gradle-plugin:checkKotlinGradlePluginConfigurationErrors SKIPPED
> Task :expo-module-gradle-plugin:checkKotlinGradlePluginConfigurationErrors SKIPPED
> Task :expo-dev-launcher-gradle-plugin:pluginDescriptors
> Task :expo-module-gradle-plugin:pluginDescriptors
> Task :expo-dev-launcher-gradle-plugin:processResources
> Task :expo-module-gradle-plugin:processResources
> Task :expo-gradle-plugin:expo-autolinking-plugin:pluginDescriptors
> Task :expo-gradle-plugin:expo-autolinking-plugin:processResources
> Task :gradle-plugin:react-native-gradle-plugin:pluginDescriptors
> Task :gradle-plugin:react-native-gradle-plugin:processResources
> Task :expo-gradle-plugin:expo-autolinking-plugin:compileKotlin
> Task :expo-gradle-plugin:expo-autolinking-plugin:compileJava NO-SOURCE
> Task :expo-gradle-plugin:expo-autolinking-plugin:classes
> Task :expo-gradle-plugin:expo-autolinking-plugin:jar
> Task :gradle-plugin:react-native-gradle-plugin:compileKotlin
> Task :gradle-plugin:react-native-gradle-plugin:compileJava NO-SOURCE
> Task :gradle-plugin:react-native-gradle-plugin:classes
> Task :gradle-plugin:react-native-gradle-plugin:jar
> Task :expo-dev-launcher-gradle-plugin:compileKotlin
> Task :expo-dev-launcher-gradle-plugin:compileJava NO-SOURCE
> Task :expo-dev-launcher-gradle-plugin:classes
> Task :expo-dev-launcher-gradle-plugin:jar
> Task :expo-module-gradle-plugin:compileKotlin
w: file:///home/expo/workingdir/build/node_modules/expo-modules-core/expo-module-gradle-plugin/src/main/kotlin/expo/modules/plugin/android/AndroidLibraryExtension.kt:9:24 'var targetSdk: Int?' is deprecated. Will be removed from library DSL in v9.0. Use testOptions.targetSdk or/and lint.targetSdk instead.
> Task :expo-module-gradle-plugin:compileJava NO-SOURCE
> Task :expo-module-gradle-plugin:classes
> Task :expo-module-gradle-plugin:jar
> Configure project :
[32m[ExpoRootProject][0m Using the following versions:
  - buildTools:  [32m36.0.0[0m
  - minSdk:      [32m24[0m
  - compileSdk:  [32m36[0m
  - targetSdk:   [32m36[0m
  - ndk:         [32m27.1.12297006[0m
  - kotlin:      [32m2.1.20[0m
  - ksp:         [32m2.1.20-2.0.1[0m
> Configure project :app
ℹ️  [33mApplying gradle plugin[0m '[32mexpo-dev-launcher-gradle-plugin[0m'
> Configure project :expo
Using expo modules
  - [32mexpo-constants[0m (18.0.13)
  - [32mexpo-dev-client[0m (6.0.21)
- [32mexpo-dev-launcher[0m (6.0.21)
- [32mexpo-dev-menu[0m (7.0.19)
- [32mexpo-dev-menu-interface[0m (2.0.0)
- [32mexpo-json-utils[0m (0.15.0)
- [32mexpo-manifests[0m (1.0.11)
- [32mexpo-modules-core[0m (3.0.30)
- [32mexpo-updates-interface[0m (2.0.0)
- [33m[📦][0m [32mexpo-application[0m (7.0.8)
  - [33m[📦][0m [32mexpo-asset[0m (12.0.13)
  - [33m[📦][0m [32mexpo-camera[0m (17.0.10)
  - [33m[📦][0m [32mexpo-file-system[0m (19.0.22)
  - [33m[📦][0m [32mexpo-font[0m (14.0.11)
- [33m[📦][0m [32mexpo-haptics[0m (15.0.8)
  - [33m[📦][0m [32mexpo-image[0m (3.0.11)
  - [33m[📦][0m [32mexpo-image-loader[0m (55.0.0)
  - [33m[📦][0m [32mexpo-image-picker[0m (55.0.20)
  - [33m[📦][0m [32mexpo-keep-awake[0m (15.0.8)
  - [33m[📦][0m [32mexpo-linking[0m (8.0.12)
  - [33m[📦][0m [32mexpo-location[0m (19.0.8)
  - [33m[📦][0m [32mexpo-notifications[0m (0.32.17)
  - [33m[📦][0m [32mexpo-secure-store[0m (15.0.8)
  - [33m[📦][0m [32mexpo-splash-screen[0m (31.0.13)
Checking the license for package Android SDK Build-Tools 36 in /home/expo/Android/Sdk/licenses
License for package Android SDK Build-Tools 36 accepted.
Preparing "Install Android SDK Build-Tools 36 v.36.0.0".
"Install Android SDK Build-Tools 36 v.36.0.0" ready.
Installing Android SDK Build-Tools 36 in /home/expo/Android/Sdk/build-tools/36.0.0
"Install Android SDK Build-Tools 36 v.36.0.0" complete.
"Install Android SDK Build-Tools 36 v.36.0.0" finished.
[=========                              ] 25%                                   
[=========                              ] 25% Fetch remote repository...
[=======================================] 100% Fetch remote repository...
> Task :expo-dev-client:preBuild
UP-TO-DATE
> Task :expo-dev-launcher:preBuild
UP-TO-DATE
> Task :expo-dev-menu:preBuild
UP-TO-DATE
> Task :expo-dev-menu-interface:preBuild UP-TO-DATE
> Task :expo-json-utils:preBuild UP-TO-DATE
> Task :expo-manifests:preBuild UP-TO-DATE
> Task :expo-modules-core:preBuild UP-TO-DATE
> Task :expo-updates-interface:preBuild UP-TO-DATE
> Task :app:generateAutolinkingNewArchitectureFiles
> Task :app:generateAutolinkingPackageList
> Task :app:generateCodegenSchemaFromJavaScript SKIPPED
> Task :app:generateCodegenArtifactsFromSchema SKIPPED
> Task :app:generateReactNativeEntryPoint
> Task :react-native-maps:preBuild UP-TO-DATE
> Task :react-native-reanimated:assertMinimalReactNativeVersionTask
> Task :react-native-reanimated:assertNewArchitectureEnabledTask SKIPPED
> Task :react-native-reanimated:assertWorkletsVersionTask
> Task :expo-constants:createExpoConfig
> Task :expo-constants:preBuild
> Task :react-native-gesture-handler:generateCodegenSchemaFromJavaScript
The NODE_ENV environment variable is required but was not specified. Ensure the project is bundled with Expo CLI or NODE_ENV is set. Using only .env.local and .env
> Task :react-native-reanimated:generateCodegenSchemaFromJavaScript
> Task :react-native-safe-area-context:generateCodegenSchemaFromJavaScript
> Task :expo:generatePackagesList
> Task :expo:preBuild
> Task :react-native-gesture-handler:generateCodegenArtifactsFromSchema
> Task :react-native-gesture-handler:preBuild
> Task :react-native-reanimated:generateCodegenArtifactsFromSchema
> Task :react-native-safe-area-context:generateCodegenArtifactsFromSchema
> Task :react-native-safe-area-context:preBuild
> Task :react-native-screens:generateCodegenSchemaFromJavaScript
> Task :react-native-reanimated:prepareReanimatedHeadersForPrefabs
> Task :react-native-reanimated:preBuild
> Task :react-native-reanimated:preReleaseBuild
> Task :expo:preReleaseBuild
> Task :react-native-worklets:assertMinimalReactNativeVersionTask
> Task :react-native-worklets:assertNewArchitectureEnabledTask SKIPPED
> Task :react-native-vector-icons:generateCodegenSchemaFromJavaScript
> Task :expo:mergeReleaseJniLibFolders
> Task :expo:mergeReleaseNativeLibs NO-SOURCE
> Task :expo:copyReleaseJniLibsProjectOnly
> Task :expo-constants:preReleaseBuild
> Task :expo-constants:mergeReleaseJniLibFolders
> Task :expo-constants:mergeReleaseNativeLibs NO-SOURCE
> Task :expo-constants:copyReleaseJniLibsProjectOnly
> Task :expo-dev-client:preReleaseBuild UP-TO-DATE
> Task :expo-dev-client:mergeReleaseJniLibFolders
> Task :expo-dev-client:mergeReleaseNativeLibs NO-SOURCE
> Task :expo-dev-client:copyReleaseJniLibsProjectOnly
> Task :expo-dev-launcher:preReleaseBuild UP-TO-DATE
> Task :expo-dev-launcher:mergeReleaseJniLibFolders
> Task :expo-dev-launcher:mergeReleaseNativeLibs NO-SOURCE
> Task :expo-dev-launcher:copyReleaseJniLibsProjectOnly
> Task :expo-dev-menu:preReleaseBuild UP-TO-DATE
> Task :expo-dev-menu:mergeReleaseJniLibFolders
> Task :expo-dev-menu:mergeReleaseNativeLibs NO-SOURCE
> Task :expo-dev-menu:copyReleaseJniLibsProjectOnly
> Task :expo-dev-menu-interface:preReleaseBuild UP-TO-DATE
> Task :react-native-worklets:generateCodegenSchemaFromJavaScript
> Task :expo-dev-menu-interface:mergeReleaseJniLibFolders
> Task :expo-dev-menu-interface:mergeReleaseNativeLibs NO-SOURCE
> Task :expo-dev-menu-interface:copyReleaseJniLibsProjectOnly
> Task :expo-json-utils:preReleaseBuild UP-TO-DATE
> Task :react-native-screens:generateCodegenArtifactsFromSchema
> Task :react-native-screens:preBuild
> Task :expo-manifests:preReleaseBuild UP-TO-DATE
> Task :expo-manifests:mergeReleaseJniLibFolders
> Task :expo-json-utils:mergeReleaseJniLibFolders
> Task :expo-manifests:mergeReleaseNativeLibs NO-SOURCE
> Task :expo-json-utils:mergeReleaseNativeLibs NO-SOURCE
> Task :expo-manifests:copyReleaseJniLibsProjectOnly
> Task :expo-modules-core:preReleaseBuild UP-TO-DATE
> Task :expo-json-utils:copyReleaseJniLibsProjectOnly
> Task :expo-updates-interface:preReleaseBuild UP-TO-DATE
> Task :expo-updates-interface:mergeReleaseJniLibFolders
> Task :expo-updates-interface:mergeReleaseNativeLibs NO-SOURCE
> Task :expo-updates-interface:copyReleaseJniLibsProjectOnly
> Task :react-native-gesture-handler:preReleaseBuild
> Task :react-native-gesture-handler:mergeReleaseJniLibFolders
> Task :react-native-maps:preReleaseBuild UP-TO-DATE
> Task :react-native-vector-icons:generateCodegenArtifactsFromSchema
> Task :react-native-vector-icons:preBuild
> Task :react-native-maps:mergeReleaseJniLibFolders
> Task :react-native-maps:mergeReleaseNativeLibs NO-SOURCE
> Task :react-native-maps:copyReleaseJniLibsProjectOnly
> Task :react-native-reanimated:mergeReleaseJniLibFolders
> Task :react-native-screens:preReleaseBuild
> Task :react-native-safe-area-context:preReleaseBuild
> Task :react-native-safe-area-context:mergeReleaseJniLibFolders
> Task :react-native-safe-area-context:mergeReleaseNativeLibs NO-SOURCE
> Task :react-native-safe-area-context:copyReleaseJniLibsProjectOnly
> Task :react-native-vector-icons:preReleaseBuild
> Task :react-native-vector-icons:mergeReleaseJniLibFolders
> Task :react-native-vector-icons:mergeReleaseNativeLibs NO-SOURCE
> Task :react-native-vector-icons:copyReleaseJniLibsProjectOnly
> Task :react-native-gesture-handler:checkKotlinGradlePluginConfigurationErrors SKIPPED
> Task :react-native-gesture-handler:generateReleaseBuildConfig
> Task :react-native-gesture-handler:generateReleaseResValues
> Task :react-native-gesture-handler:generateReleaseResources
> Task :react-native-gesture-handler:packageReleaseResources
> Task :react-native-worklets:generateCodegenArtifactsFromSchema
> Task :react-native-worklets:prepareWorkletsHeadersForPrefabs
> Task :react-native-worklets:preBuild
> Task :app:preBuild
> Task :app:preReleaseBuild
> Task :react-native-worklets:preReleaseBuild
> Task :react-native-gesture-handler:parseReleaseLocalResources
> Task :app:mergeReleaseJniLibFolders
> Task :react-native-gesture-handler:generateReleaseRFile
> Task :react-native-reanimated:generateReleaseBuildConfig
> Task :react-native-reanimated:generateReleaseResValues
> Task :react-native-reanimated:generateReleaseResources
> Task :react-native-reanimated:packageReleaseResources
> Task :react-native-reanimated:parseReleaseLocalResources
> Task :react-native-reanimated:generateReleaseRFile
> Task :react-native-reanimated:javaPreCompileRelease
> Task :react-native-gesture-handler:javaPreCompileRelease
> Task :react-native-safe-area-context:checkKotlinGradlePluginConfigurationErrors SKIPPED
> Task :react-native-safe-area-context:generateReleaseBuildConfig
> Task :react-native-safe-area-context:generateReleaseResValues
> Task :react-native-safe-area-context:generateReleaseResources
> Task :react-native-safe-area-context:packageReleaseResources
> Task :react-native-safe-area-context:parseReleaseLocalResources
> Task :react-native-safe-area-context:generateReleaseRFile
> Task :expo-modules-core:configureCMakeRelWithDebInfo[arm64-v8a]
Checking the license for package CMake 3.22.1 in /home/expo/Android/Sdk/licenses
License for package CMake 3.22.1 accepted.
Preparing "Install CMake 3.22.1 v.3.22.1".
"Install CMake 3.22.1 v.3.22.1" ready.
Installing CMake 3.22.1 in /home/expo/Android/Sdk/cmake/3.22.1
"Install CMake 3.22.1 v.3.22.1" complete.
"Install CMake 3.22.1 v.3.22.1" finished.
> Task :react-native-safe-area-context:compileReleaseKotlin
w: file:///home/expo/workingdir/build/node_modules/react-native-safe-area-context/android/src/main/java/com/th3rdwave/safeareacontext/SafeAreaView.kt:59:23 'val uiImplementation: UIImplementation!' is deprecated. Deprecated in Java.
> Task :react-native-safe-area-context:javaPreCompileRelease
> Task :react-native-screens:configureCMakeRelWithDebInfo[arm64-v8a]
> Task :react-native-worklets:configureCMakeRelWithDebInfo[arm64-v8a]
> Task :react-native-screens:buildCMakeRelWithDebInfo[arm64-v8a]
> Task :react-native-screens:configureCMakeRelWithDebInfo[armeabi-v7a]
> Task :react-native-safe-area-context:compileReleaseJavaWithJavac
> Task :react-native-safe-area-context:bundleLibRuntimeToDirRelease
> Task :react-native-worklets:buildCMakeRelWithDebInfo[arm64-v8a][worklets]
> Task :expo-modules-core:buildCMakeRelWithDebInfo[arm64-v8a]
> Task :expo:checkKotlinGradlePluginConfigurationErrors SKIPPED
> Task :expo:generateReleaseBuildConfig
> Task :expo:generateReleaseResValues
> Task :expo:generateReleaseResources
> Task :expo:packageReleaseResources
> Task :expo:parseReleaseLocalResources
> Task :expo:generateReleaseRFile
> Task :expo-constants:checkKotlinGradlePluginConfigurationErrors
SKIPPED
> Task :expo-constants:generateReleaseBuildConfig
> Task :expo-constants:generateReleaseResValues
> Task :expo-constants:generateReleaseResources
> Task :expo-constants:packageReleaseResources
> Task :expo-constants:parseReleaseLocalResources
> Task :expo-constants:generateReleaseRFile
> Task :expo-constants:javaPreCompileRelease
> Task :expo-dev-client:checkKotlinGradlePluginConfigurationErrors SKIPPED
> Task :expo-dev-client:dataBindingMergeDependencyArtifactsRelease
> Task :expo-dev-client:generateReleaseResValues
> Task :expo-dev-client:generateReleaseResources
> Task :expo-dev-client:packageReleaseResources
> Task :expo-dev-client:parseReleaseLocalResources
> Task :expo-dev-client:dataBindingGenBaseClassesRelease
> Task :expo-dev-client:generateReleaseBuildConfig
> Task :expo-dev-client:generateReleaseRFile
> Task :expo-dev-client:javaPreCompileRelease
> Task :expo-dev-launcher:checkKotlinGradlePluginConfigurationErrors SKIPPED
> Task :react-native-screens:buildCMakeRelWithDebInfo[armeabi-v7a]
> Task :react-native-screens:configureCMakeRelWithDebInfo[x86]
> Task :expo-dev-launcher:dataBindingMergeDependencyArtifactsRelease
> Task :expo-dev-launcher:generateReleaseResValues
> Task :expo-dev-launcher:generateReleaseResources
> Task :expo-dev-launcher:packageReleaseResources
> Task :expo-dev-launcher:parseReleaseLocalResources
> Task :expo-dev-menu:generateReleaseResValues
> Task :expo-dev-menu:generateReleaseResources
> Task :expo-dev-menu:packageReleaseResources
> Task :expo-dev-menu:parseReleaseLocalResources
> Task :expo-dev-menu:generateReleaseRFile
> Task :expo-dev-menu-interface:generateReleaseResValues
> Task :expo-dev-menu-interface:generateReleaseResources
> Task :expo-dev-menu-interface:packageReleaseResources
> Task :expo-dev-menu-interface:parseReleaseLocalResources
> Task :expo-dev-menu-interface:generateReleaseRFile
> Task :expo-json-utils:generateReleaseResValues
> Task :expo-json-utils:generateReleaseResources
> Task :expo-json-utils:packageReleaseResources
> Task :expo-json-utils:parseReleaseLocalResources
> Task :expo-json-utils:generateReleaseRFile
> Task :expo-manifests:generateReleaseResValues
> Task :expo-manifests:generateReleaseResources
> Task :expo-manifests:packageReleaseResources
> Task :expo-manifests:parseReleaseLocalResources
> Task :expo-manifests:generateReleaseRFile
> Task :expo-updates-interface:generateReleaseResValues
> Task :expo-updates-interface:generateReleaseResources
> Task :expo-updates-interface:packageReleaseResources
> Task :expo-updates-interface:parseReleaseLocalResources
> Task :expo-updates-interface:generateReleaseRFile
> Task :expo-modules-core:configureCMakeRelWithDebInfo[armeabi-v7a]
> Task :expo-dev-launcher:dataBindingGenBaseClassesRelease
> Task :expo-dev-launcher:generateReleaseBuildConfig
> Task :expo-dev-launcher:generateReleaseRFile
> Task :expo-dev-launcher:checkApolloVersions
> Task :expo-dev-launcher:generateServiceApolloOptions
> Task :expo-dev-launcher:generateServiceApolloSources
w: /home/expo/workingdir/build/node_modules/expo-dev-launcher/android/src/main/graphql/GetBranches.graphql: (21, 11): Apollo: Use of deprecated field `runtimeVersion`
w: /home/expo/workingdir/build/node_modules/expo-dev-launcher/android/src/main/graphql/GetBranches.graphql: (34, 3): Apollo: Variable `platform` is unused
w: /home/expo/workingdir/build/node_modules/expo-dev-launcher/android/src/main/graphql/GetUpdates.graphql: (14, 11): Apollo: Use of deprecated field `runtimeVersion`
> Task :expo-dev-menu:checkKotlinGradlePluginConfigurationErrors SKIPPED
> Task :expo-dev-menu:generateReleaseBuildConfig
> Task :expo-dev-menu-interface:checkKotlinGradlePluginConfigurationErrors SKIPPED
> Task :expo-dev-menu-interface:generateReleaseBuildConfig
> Task :expo-dev-menu-interface:javaPreCompileRelease
> Task :expo-json-utils:checkKotlinGradlePluginConfigurationErrors SKIPPED
> Task :expo-json-utils:generateReleaseBuildConfig
> Task :expo-json-utils:javaPreCompileRelease
> Task :expo-manifests:checkKotlinGradlePluginConfigurationErrors SKIPPED
> Task :react-native-screens:buildCMakeRelWithDebInfo[x86]
> Task :expo-manifests:generateReleaseBuildConfig
> Task :expo-manifests:javaPreCompileRelease
> Task :expo-dev-menu:javaPreCompileRelease
> Task :expo-updates-interface:checkKotlinGradlePluginConfigurationErrors SKIPPED
> Task :expo-updates-interface:generateReleaseBuildConfig
> Task :expo-updates-interface:javaPreCompileRelease
> Task :expo-dev-launcher:javaPreCompileRelease
> Task :expo:javaPreCompileRelease
> Task :react-native-maps:generateReleaseBuildConfig
> Task :react-native-maps:generateReleaseResValues
> Task :react-native-maps:generateReleaseResources
> Task :react-native-maps:packageReleaseResources
> Task :react-native-maps:parseReleaseLocalResources
> Task :react-native-maps:generateReleaseRFile
> Task :react-native-maps:javaPreCompileRelease
> Task :react-native-screens:configureCMakeRelWithDebInfo[x86_64]
> Task :react-native-maps:compileReleaseJavaWithJavac
Note: Some input files use or override a deprecated API.
Note: Recompile with -Xlint:deprecation for details.
Note: Some input files use unchecked or unsafe operations.
Note: Recompile with -Xlint:unchecked for details.
> Task :react-native-maps:bundleLibRuntimeToDirRelease
> Task :react-native-vector-icons:generateReleaseBuildConfig
> Task :react-native-vector-icons:generateReleaseResValues
> Task :react-native-vector-icons:generateReleaseResources
> Task :react-native-vector-icons:packageReleaseResources
> Task :react-native-vector-icons:parseReleaseLocalResources
> Task :react-native-vector-icons:generateReleaseRFile
> Task :react-native-vector-icons:javaPreCompileRelease
> Task :react-native-vector-icons:compileReleaseJavaWithJavac
Note: Some input files use or override a deprecated API.
Note: Recompile with -Xlint:deprecation for details.
> Task :react-native-vector-icons:bundleLibRuntimeToDirRelease
> Task :react-native-screens:buildCMakeRelWithDebInfo[x86_64]
> Task :react-native-worklets:configureCMakeRelWithDebInfo[armeabi-v7a]
> Task :react-native-screens:mergeReleaseJniLibFolders
> Task :expo-modules-core:buildCMakeRelWithDebInfo[armeabi-v7a]
> Task :react-native-screens:mergeReleaseNativeLibs
> Task :react-native-screens:copyReleaseJniLibsProjectOnly
> Task :react-native-screens:checkKotlinGradlePluginConfigurationErrors SKIPPED
> Task :react-native-screens:generateReleaseBuildConfig
> Task :react-native-screens:generateReleaseResValues
> Task :react-native-screens:generateReleaseResources
> Task :react-native-screens:packageReleaseResources
> Task :react-native-screens:parseReleaseLocalResources
> Task :app:checkReleaseDuplicateClasses
> Task :react-native-screens:generateReleaseRFile
> Task :app:buildKotlinToolingMetadata
> Task :app:checkKotlinGradlePluginConfigurationErrors SKIPPED
> Task :app:generateReleaseBuildConfig
> Task :expo:writeReleaseAarMetadata
> Task :expo-constants:writeReleaseAarMetadata
> Task :expo-dev-client:writeReleaseAarMetadata
> Task :expo-dev-launcher:writeReleaseAarMetadata
> Task :expo-dev-menu:writeReleaseAarMetadata
> Task :expo-dev-menu-interface:writeReleaseAarMetadata
> Task :expo-json-utils:writeReleaseAarMetadata
> Task :expo-manifests:writeReleaseAarMetadata
> Task :expo-updates-interface:writeReleaseAarMetadata
> Task :react-native-gesture-handler:writeReleaseAarMetadata
> Task :react-native-maps:writeReleaseAarMetadata
> Task :react-native-reanimated:writeReleaseAarMetadata
> Task :react-native-safe-area-context:writeReleaseAarMetadata
> Task :react-native-vector-icons:writeReleaseAarMetadata
> Task :app:createBundleReleaseJsAndAssets
Starting Metro Bundler
Android node_modules/expo-router/entry.js ░░░░░░░░░░░░░░░░  0.0% (0/1)
Android node_modules/expo-router/entry.js ▓▓▓▓▓▓▓▓▓░░░░░░░ 58.4% ( 840/1099)
> Task :react-native-worklets:buildCMakeRelWithDebInfo[armeabi-v7a][worklets]
> Task :expo-modules-core:configureCMakeRelWithDebInfo[x86]
> Task :app:createBundleReleaseJsAndAssets
Android node_modules/expo-router/entry.js ▓▓▓▓▓▓▓▓▓▓▓▓▓▓▓░ 99.9% (1729/1729)
Android Bundled 8951ms node_modules/expo-router/entry.js (1729 modules)
Writing bundle output to: /home/expo/workingdir/build/android/app/build/generated/assets/createBundleReleaseJsAndAssets/index.android.bundle
Writing sourcemap output to: /home/expo/workingdir/build/android/app/build/intermediates/sourcemaps/react/release/index.android.bundle.packager.map
Copying 46 asset files
Done writing bundle output
Done writing sourcemap output
> Task :react-native-screens:compileReleaseKotlin
> Task :expo-modules-core:buildCMakeRelWithDebInfo[x86]
> Task :react-native-screens:compileReleaseKotlin
w: file:///home/expo/workingdir/build/node_modules/react-native-screens/android/src/main/java/com/swmansion/rnscreens/RNScreensPackage.kt:56:9 The corresponding parameter in the supertype 'BaseReactPackage' is named 'name'. This may cause problems when calling this function with named arguments.
w: file:///home/expo/workingdir/build/node_modules/react-native-screens/android/src/main/java/com/swmansion/rnscreens/RNScreensPackage.kt:57:9 The corresponding parameter in the supertype 'BaseReactPackage' is named 'reactContext'. This may cause problems when calling this function with named arguments.
w: file:///home/expo/workingdir/build/node_modules/react-native-screens/android/src/main/java/com/swmansion/rnscreens/RNScreensPackage.kt:70:17 'constructor(name: String, className: String, canOverrideExistingModule: Boolean, needsEagerInit: Boolean, hasConstants: Boolean, isCxxModule: Boolean, isTurboModule: Boolean): ReactModuleInfo' is deprecated. This constructor is deprecated and will be removed in the future. Use ReactModuleInfo(String, String, boolean, boolean, boolean, boolean)].
w: file:///home/expo/workingdir/build/node_modules/react-native-screens/android/src/main/java/com/swmansion/rnscreens/Screen.kt:48:77 Unchecked cast of '(CoordinatorLayout.Behavior<View!>?..CoordinatorLayout.Behavior<*>?)' to 'BottomSheetBehavior<Screen>'.
w: file:///home/expo/workingdir/build/node_modules/react-native-screens/android/src/main/java/com/swmansion/rnscreens/Screen.kt:383:36 'fun setTranslucent(screen: Screen, activity: Activity?, context: ReactContext?): Unit' is deprecated. For apps targeting SDK 35 or above this prop has no effect because edge-to-edge is enabled by default and the status bar is always translucent.
w: file:///home/expo/workingdir/build/node_modules/react-native-screens/android/src/main/java/com/swmansion/rnscreens/Screen.kt:402:36 'fun setColor(screen: Screen, activity: Activity?, context: ReactContext?): Unit' is deprecated. For apps targeting SDK 35 or above this prop has no effect because edge-to-edge is enabled by default and the status bar is always translucent.
w: file:///home/expo/workingdir/build/node_modules/react-native-screens/android/src/main/java/com/swmansion/rnscreens/Screen.kt:420:36 'fun setNavigationBarColor(screen: Screen, activity: Activity?): Unit' is deprecated. For all apps targeting Android SDK 35 or above edge-to-edge is enabled by default.
w: file:///home/expo/workingdir/build/node_modules/react-native-screens/android/src/main/java/com/swmansion/rnscreens/Screen.kt:437:36 'fun setNavigationBarTranslucent(screen: Screen, activity: Activity?): Unit' is deprecated. For all apps targeting Android SDK 35 or above edge-to-edge is enabled by default.
w: file:///home/expo/workingdir/build/node_modules/react-native-screens/android/src/main/java/com/swmansion/rnscreens/ScreenStackFragment.kt:217:31 'var targetElevation: Float' is deprecated. Deprecated in Java.
w: file:///home/expo/workingdir/build/node_modules/react-native-screens/android/src/main/java/com/swmansion/rnscreens/ScreenStackFragment.kt:220:13 'fun setHasOptionsMenu(p0: Boolean): Unit' is deprecated. Deprecated in Java.
w: file:///home/expo/workingdir/build/node_modules/react-native-screens/android/src/main/java/com/swmansion/rnscreens/ScreenStackFragment.kt:397:18 This declaration overrides a deprecated member but is not marked as deprecated itself. Add the '@Deprecated' annotation or suppress the diagnostic.
w: file:///home/expo/workingdir/build/node_modules/react-native-screens/android/src/main/java/com/swmansion/rnscreens/ScreenStackFragment.kt:404:22 'fun onPrepareOptionsMenu(p0: Menu): Unit' is deprecated. Deprecated in Java.
w: file:///home/expo/workingdir/build/node_modules/react-native-screens/android/src/main/java/com/swmansion/rnscreens/ScreenStackFragment.kt:407:18 This declaration overrides a deprecated member but is not marked as deprecated itself. Add the '@Deprecated' annotation or suppress the diagnostic.
w: file:///home/expo/workingdir/build/node_modules/react-native-screens/android/src/main/java/com/swmansion/rnscreens/ScreenStackFragment.kt:412:22 'fun onCreateOptionsMenu(p0: Menu, p1: MenuInflater): Unit' is deprecated. Deprecated in Java.
w: file:///home/expo/workingdir/build/node_modules/react-native-screens/android/src/main/java/com/swmansion/rnscreens/ScreenStackHeaderConfig.kt:435:18 'val reactNativeHost: ReactNativeHost' is deprecated. You should not use ReactNativeHost directly in the New Architecture. Use ReactHost instead.
w: file:///home/expo/workingdir/build/node_modules/react-native-screens/android/src/main/java/com/swmansion/rnscreens/ScreenViewManager.kt:203:14 'var statusBarColor: Int?' is deprecated. For apps targeting SDK 35 or above this prop has no effect because edge-to-edge is enabled by default and the status bar is always translucent.
w: file:///home/expo/workingdir/build/node_modules/react-native-screens/android/src/main/java/com/swmansion/rnscreens/ScreenViewManager.kt:220:14 'var isStatusBarTranslucent: Boolean?' is deprecated. For apps targeting SDK 35 or above this prop has no effect because edge-to-edge is enabled by default and the status bar is always translucent.
w: file:///home/expo/workingdir/build/node_modules/react-native-screens/android/src/main/java/com/swmansion/rnscreens/ScreenViewManager.kt:237:14 'var navigationBarColor: Int?' is deprecated. For all apps targeting Android SDK 35 or above edge-to-edge is enabled by default.
w: file:///home/expo/workingdir/build/node_modules/react-native-screens/android/src/main/java/com/swmansion/rnscreens/ScreenViewManager.kt:246:14 'var isNavigationBarTranslucent: Boolean?' is deprecated. For all apps targeting Android SDK 35 or above edge-to-edge is enabled by default.
w: file:///home/expo/workingdir/build/node_modules/react-native-screens/android/src/main/java/com/swmansion/rnscreens/ScreenWindowTraits.kt:55:42 'fun replaceSystemWindowInsets(p0: Int, p1: Int, p2: Int, p3: Int): WindowInsetsCompat' is deprecated. Deprecated in Java.
w: file:///home/expo/workingdir/build/node_modules/react-native-screens/android/src/main/java/com/swmansion/rnscreens/ScreenWindowTraits.kt:56:39 'val systemWindowInsetLeft: Int' is deprecated. Deprecated in Java.
w: file:///home/expo/workingdir/build/node_modules/react-native-screens/android/src/main/java/com/swmansion/rnscreens/ScreenWindowTraits.kt:58:39 'val systemWindowInsetRight: Int' is deprecated. Deprecated in Java.
w: file:///home/expo/workingdir/build/node_modules/react-native-screens/android/src/main/java/com/swmansion/rnscreens/ScreenWindowTraits.kt:59:39 'val systemWindowInsetBottom: Int' is deprecated. Deprecated in Java.
w: file:///home/expo/workingdir/build/node_modules/react-native-screens/android/src/main/java/com/swmansion/rnscreens/ScreenWindowTraits.kt:102:53 'var statusBarColor: Int' is deprecated. Deprecated in Java.
w: file:///home/expo/workingdir/build/node_modules/react-native-screens/android/src/main/java/com/swmansion/rnscreens/ScreenWindowTraits.kt:106:37 'var statusBarColor: Int?' is deprecated. For apps targeting SDK 35 or above this prop has no effect because edge-to-edge is enabled by default and the status bar is always translucent.
w: file:///home/expo/workingdir/build/node_modules/react-native-screens/android/src/main/java/com/swmansion/rnscreens/ScreenWindowTraits.kt:113:48 'var statusBarColor: Int' is deprecated. Deprecated in Java.
w: file:///home/expo/workingdir/build/node_modules/react-native-screens/android/src/main/java/com/swmansion/rnscreens/ScreenWindowTraits.kt:116:32 'var statusBarColor: Int' is deprecated. Deprecated in Java.
w: file:///home/expo/workingdir/build/node_modules/react-native-screens/android/src/main/java/com/swmansion/rnscreens/ScreenWindowTraits.kt:162:49 'var isStatusBarTranslucent: Boolean?' is deprecated. For apps targeting SDK 35 or above this prop has no effect because edge-to-edge is enabled by default and the status bar is always translucent.
w: file:///home/expo/workingdir/build/node_modules/react-native-screens/android/src/main/java/com/swmansion/rnscreens/ScreenWindowTraits.kt:218:43 'var navigationBarColor: Int?' is deprecated. For all apps targeting Android SDK 35 or above edge-to-edge is enabled by default.
w: file:///home/expo/workingdir/build/node_modules/react-native-screens/android/src/main/java/com/swmansion/rnscreens/ScreenWindowTraits.kt:218:72 'var navigationBarColor: Int' is deprecated. Deprecated in Java.
w: file:///home/expo/workingdir/build/node_modules/react-native-screens/android/src/main/java/com/swmansion/rnscreens/ScreenWindowTraits.kt:224:16 'var navigationBarColor: Int' is deprecated. Deprecated in Java.
w: file:///home/expo/workingdir/build/node_modules/react-native-screens/android/src/main/java/com/swmansion/rnscreens/ScreenWindowTraits.kt:241:55 'var isNavigationBarTranslucent: Boolean?' is deprecated. For all apps targeting Android SDK 35 or above edge-to-edge is enabled by default.
w: file:///home/expo/workingdir/build/node_modules/react-native-screens/android/src/main/java/com/swmansion/rnscreens/ScreenWindowTraits.kt:283:13 'fun setColor(screen: Screen, activity: Activity?, context: ReactContext?): Unit' is deprecated. For apps targeting SDK 35 or above this prop has no effect because edge-to-edge is enabled by default and the status bar is always translucent.
w: file:///home/expo/workingdir/build/node_modules/react-native-screens/android/src/main/java/com/swmansion/rnscreens/ScreenWindowTraits.kt:285:13 'fun setTranslucent(screen: Screen, activity: Activity?, context: ReactContext?): Unit' is deprecated. For apps targeting SDK 35 or above this prop has no effect because edge-to-edge is enabled by default and the status bar is always translucent.
w: file:///home/expo/workingdir/build/node_modules/react-native-screens/android/src/main/java/com/swmansion/rnscreens/ScreenWindowTraits.kt:289:13 'fun setNavigationBarColor(screen: Screen, activity: Activity?): Unit' is deprecated. For all apps targeting Android SDK 35 or above edge-to-edge is enabled by default.
w: file:///home/expo/workingdir/build/node_modules/react-native-screens/android/src/main/java/com/swmansion/rnscreens/ScreenWindowTraits.kt:290:13 'fun setNavigationBarTranslucent(screen: Screen, activity: Activity?): Unit' is deprecated. For all apps targeting Android SDK 35 or above edge-to-edge is enabled by default.
w: file:///home/expo/workingdir/build/node_modules/react-native-screens/android/src/main/java/com/swmansion/rnscreens/ScreenWindowTraits.kt:354:42 'var statusBarColor: Int?' is deprecated. For apps targeting SDK 35 or above this prop has no effect because edge-to-edge is enabled by default and the status bar is always translucent.
w: file:///home/expo/workingdir/build/node_modules/react-native-screens/android/src/main/java/com/swmansion/rnscreens/ScreenWindowTraits.kt:356:48 'var isStatusBarTranslucent: Boolean?' is deprecated. For apps targeting SDK 35 or above this prop has no effect because edge-to-edge is enabled by default and the status bar is always translucent.
w: file:///home/expo/workingdir/build/node_modules/react-native-screens/android/src/main/java/com/swmansion/rnscreens/ScreenWindowTraits.kt:359:57 'var navigationBarColor: Int?' is deprecated. For all apps targeting Android SDK 35 or above edge-to-edge is enabled by default.
w: file:///home/expo/workingdir/build/node_modules/react-native-screens/android/src/main/java/com/swmansion/rnscreens/ScreenWindowTraits.kt:360:63 'var isNavigationBarTranslucent: Boolean?' is deprecated. For all apps targeting Android SDK 35 or above edge-to-edge is enabled by default.
w: file:///home/expo/workingdir/build/node_modules/react-native-screens/android/src/main/java/com/swmansion/rnscreens/bottomsheet/BottomSheetDialogRootView.kt:7:8 'object ReactFeatureFlags : Any' is deprecated. Use com.facebook.react.internal.featureflags.ReactNativeFeatureFlags instead.
w: file:///home/expo/workingdir/build/node_modules/react-native-screens/android/src/main/java/com/swmansion/rnscreens/bottomsheet/BottomSheetDialogRootView.kt:25:13 'object ReactFeatureFlags : Any' is deprecated. Use com.facebook.react.internal.featureflags.ReactNativeFeatureFlags instead.
w: file:///home/expo/workingdir/build/node_modules/react-native-screens/android/src/main/java/com/swmansion/rnscreens/bottomsheet/BottomSheetDialogRootView.kt:32:9 The corresponding parameter in the supertype 'ReactViewGroup' is named 'left'. This may cause problems when calling this function with named arguments.
w: file:///home/expo/workingdir/build/node_modules/react-native-screens/android/src/main/java/com/swmansion/rnscreens/bottomsheet/BottomSheetDialogRootView.kt:33:9 The corresponding parameter in the supertype 'ReactViewGroup' is named 'top'. This may cause problems when calling this function with named arguments.
w: file:///home/expo/workingdir/build/node_modules/react-native-screens/android/src/main/java/com/swmansion/rnscreens/bottomsheet/BottomSheetDialogRootView.kt:34:9 The corresponding parameter in the supertype 'ReactViewGroup' is named 'right'. This may cause problems when calling this function with named arguments.
w: file:///home/expo/workingdir/build/node_modules/react-native-screens/android/src/main/java/com/swmansion/rnscreens/bottomsheet/BottomSheetDialogRootView.kt:35:9 The corresponding parameter in the supertype 'ReactViewGroup' is named 'bottom'. This may cause problems when calling this function with named arguments.
w: file:///home/expo/workingdir/build/node_modules/react-native-screens/android/src/main/java/com/swmansion/rnscreens/bottomsheet/BottomSheetDialogRootView.kt:71:9 The corresponding parameter in the supertype 'RootView' is named 'childView'. This may cause problems when calling this function with named arguments.
w: file:///home/expo/workingdir/build/node_modules/react-native-screens/android/src/main/java/com/swmansion/rnscreens/bottomsheet/BottomSheetDialogRootView.kt:72:9 The corresponding parameter in the supertype 'RootView' is named 'ev'. This may cause problems when calling this function with named arguments.
w: file:///home/expo/workingdir/build/node_modules/react-native-screens/android/src/main/java/com/swmansion/rnscreens/bottomsheet/BottomSheetDialogRootView.kt:79:46 The corresponding parameter in the supertype 'RootView' is named 'ev'. This may cause problems when calling this function with named arguments.
w: file:///home/expo/workingdir/build/node_modules/react-native-screens/android/src/main/java/com/swmansion/rnscreens/bottomsheet/BottomSheetDialogRootView.kt:83:9 The corresponding parameter in the supertype 'RootView' is named 'childView'. This may cause problems when calling this function with named arguments.
w: file:///home/expo/workingdir/build/node_modules/react-native-screens/android/src/main/java/com/swmansion/rnscreens/bottomsheet/BottomSheetDialogRootView.kt:84:9 The corresponding parameter in the supertype 'RootView' is named 'ev'. This may cause problems when calling this function with named arguments.
w: file:///home/expo/workingdir/build/node_modules/react-native-screens/android/src/main/java/com/swmansion/rnscreens/bottomsheet/BottomSheetDialogRootView.kt:95:34 The corresponding parameter in the supertype 'RootView' is named 't'. This may cause problems when calling this function with named arguments.
w: file:///home/expo/workingdir/build/node_modules/react-native-screens/android/src/main/java/com/swmansion/rnscreens/bottomsheet/DimmingView.kt:63:9 The corresponding parameter in the supertype 'ReactCompoundView' is named 'touchX'. This may cause problems when calling this function with named arguments.
w: file:///home/expo/workingdir/build/node_modules/react-native-screens/android/src/main/java/com/swmansion/rnscreens/bottomsheet/DimmingView.kt:64:9 The corresponding parameter in the supertype 'ReactCompoundView' is named 'touchY'. This may cause problems when calling this function with named arguments.
w: file:///home/expo/workingdir/build/node_modules/react-native-screens/android/src/main/java/com/swmansion/rnscreens/bottomsheet/DimmingView.kt:68:9 The corresponding parameter in the supertype 'ReactCompoundViewGroup' is named 'touchX'. This may cause problems when calling this function with named arguments.
w: file:///home/expo/workingdir/build/node_modules/react-native-screens/android/src/main/java/com/swmansion/rnscreens/bottomsheet/DimmingView.kt:69:9 The corresponding parameter in the supertype 'ReactCompoundViewGroup' is named 'touchY'. This may cause problems when calling this function with named arguments.
w: file:///home/expo/workingdir/build/node_modules/react-native-screens/android/src/main/java/com/swmansion/rnscreens/gamma/tabs/TabsHostViewManager.kt:37:9 The corresponding parameter in the supertype 'TabsHostViewManager' is named 'view'. This may cause problems when calling this function with named arguments.
> Task :react-native-screens:javaPreCompileRelease
> Task :app:generateReleaseResValues
> Task :app:processReleaseGoogleServices
> Task :app:generateReleaseResources
> Task :app:packageReleaseResources FAILED
ERROR: /home/expo/workingdir/build/android/app/src/main/res/raw/adi-registration.properties: Resource and asset merger: '-' is not a valid file-based resource name character: File-based resource names must contain only lowercase a-z, 0-9, or underscore
> Task :react-native-screens:compileReleaseJavaWithJavac
[Incubating] Problems report is available at: file:///home/expo/workingdir/build/android/build/reports/problems/problems-report.html
Deprecated Gradle features were used in this build, making it incompatible with Gradle 9.0.
You can use '--warning-mode all' to show the individual deprecation warnings and determine if they come from your own scripts or plugins.
For more on this, please refer to https://docs.gradle.org/8.14.3/userguide/command_line_interface.html#sec:command_line_warnings in the Gradle documentation.
241 actionable tasks: 241 executed
FAILURE: Build failed with an exception.
* What went wrong:
Execution failed for task ':app:packageReleaseResources'.
> /home/expo/workingdir/build/android/app/src/main/res/raw/adi-registration.properties: Error: '-' is not a valid file-based resource name character: File-based resource names must contain only lowercase a-z, 0-9, or underscore
* Try:
> Run with --stacktrace option to get the stack trace.
> Run with --info or --debug option to get more log output.
> Run with --scan to get full insights.
> Get more help at https://help.gradle.org.
BUILD FAILED in 5m 16s
Error: Gradle build failed with unknown error. See logs for the "Run gradlew" phase for more information.